C:\Microsemi\Libero_v10.1\Synopsys\synplify_F201203MSP1\bin64\c_ver.exe  -prodtype  synplify_pro  -osyn  C:\Users\camsoupa\Documents\embedded_final_project\cc3000\cc3000fpga\synthesis\synwork\cc3000fpga_compiler.srs  -top  cc3000fpga  -nram -fixsmult   -divnmod -I C:\Users\camsoupa\Documents\embedded_final_project\cc3000\cc3000fpga\synthesis\  -I C:\Microsemi\Libero_v10.1\Synopsys\synplify_F201203MSP1\lib  -v2001  -devicelib  C:\Microsemi\Libero_v10.1\Synopsys\synplify_F201203MSP1\lib\proasic\smartfusion.v  -encrypt  -pro  -dmgen  C:\Users\camsoupa\Documents\embedded_final_project\cc3000\cc3000fpga\synthesis\dm  -ll 2000   -ui -fid2 -ram -sharing on  -autosm -lib work C:\Users\camsoupa\Documents\embedded_final_project\cc3000\cc3000fpga\component\Actel\SmartFusionMSS\MSS\2.5.106\mss_comps.v -lib work C:\Users\camsoupa\Documents\embedded_final_project\cc3000\cc3000fpga\component\work\cc3000fpga_MSS\mss_tshell.v -lib work C:\Users\camsoupa\Documents\embedded_final_project\cc3000\cc3000fpga\component\work\cc3000fpga_MSS\MSS_CCC_0\cc3000fpga_MSS_tmp_MSS_CCC_0_MSS_CCC.v -lib work C:\Users\camsoupa\Documents\embedded_final_project\cc3000\cc3000fpga\component\work\cc3000fpga_MSS\cc3000fpga_MSS.v -lib work C:\Users\camsoupa\Documents\embedded_final_project\cc3000\cc3000fpga\hdl\inverter.v -lib COREAPB3_LIB C:\Users\camsoupa\Documents\embedded_final_project\cc3000\cc3000fpga\component\Actel\DirectCore\CoreAPB3\4.0.100\rtl\vlog\core_obfuscated\coreapb3_muxptob3.v -lib COREAPB3_LIB C:\Users\camsoupa\Documents\embedded_final_project\cc3000\cc3000fpga\component\Actel\DirectCore\CoreAPB3\4.0.100\rtl\vlog\core_obfuscated\coreapb3_iaddr_reg.v -lib COREAPB3_LIB C:\Users\camsoupa\Documents\embedded_final_project\cc3000\cc3000fpga\component\Actel\DirectCore\CoreAPB3\4.0.100\rtl\vlog\core_obfuscated\coreapb3.v -lib CORESPI_LIB C:\Users\camsoupa\Documents\embedded_final_project\cc3000\cc3000fpga\component\Actel\DirectCore\CORESPI\4.2.116\rtl\vlog\core\spi_rf.v -lib CORESPI_LIB C:\Users\camsoupa\Documents\embedded_final_project\cc3000\cc3000fpga\component\Actel\DirectCore\CORESPI\4.2.116\rtl\vlog\core\spi_control.v -lib CORESPI_LIB C:\Users\camsoupa\Documents\embedded_final_project\cc3000\cc3000fpga\component\Actel\DirectCore\CORESPI\4.2.116\rtl\vlog\core\spi_fifo.v -lib CORESPI_LIB C:\Users\camsoupa\Documents\embedded_final_project\cc3000\cc3000fpga\component\Actel\DirectCore\CORESPI\4.2.116\rtl\vlog\core\spi_clockmux.v -lib CORESPI_LIB C:\Users\camsoupa\Documents\embedded_final_project\cc3000\cc3000fpga\component\Actel\DirectCore\CORESPI\4.2.116\rtl\vlog\core\spi_chanctrl.v -lib CORESPI_LIB C:\Users\camsoupa\Documents\embedded_final_project\cc3000\cc3000fpga\component\Actel\DirectCore\CORESPI\4.2.116\rtl\vlog\core\spi.v -lib CORESPI_LIB C:\Users\camsoupa\Documents\embedded_final_project\cc3000\cc3000fpga\component\Actel\DirectCore\CORESPI\4.2.116\rtl\vlog\core\corespi.v -lib work C:\Users\camsoupa\Documents\embedded_final_project\cc3000\cc3000fpga\component\work\cc3000fpga\cc3000fpga.v -loga  C:\Users\camsoupa\Documents\embedded_final_project\cc3000\cc3000fpga\synthesis\cc3000fpga.srr 
rc:1 success:1
C:\Users\camsoupa\Documents\embedded_final_project\cc3000\cc3000fpga\synthesis\synwork\cc3000fpga_compiler.srs|o|1396987881|81185
C:\Microsemi\Libero_v10.1\Synopsys\synplify_F201203MSP1\lib\proasic\smartfusion.v|i|1340041216|72817
C:\Users\camsoupa\Documents\embedded_final_project\cc3000\cc3000fpga\component\Actel\SmartFusionMSS\MSS\2.5.106\mss_comps.v|i|1390698914|11243
C:\Users\camsoupa\Documents\embedded_final_project\cc3000\cc3000fpga\component\work\cc3000fpga_MSS\mss_tshell.v|i|1396987746|12226
C:\Users\camsoupa\Documents\embedded_final_project\cc3000\cc3000fpga\component\work\cc3000fpga_MSS\MSS_CCC_0\cc3000fpga_MSS_tmp_MSS_CCC_0_MSS_CCC.v|i|1396987740|2890
C:\Users\camsoupa\Documents\embedded_final_project\cc3000\cc3000fpga\component\work\cc3000fpga_MSS\cc3000fpga_MSS.v|i|1396987770|22908
C:\Users\camsoupa\Documents\embedded_final_project\cc3000\cc3000fpga\hdl\inverter.v|i|1396981072|104
C:\Users\camsoupa\Documents\embedded_final_project\cc3000\cc3000fpga\component\Actel\DirectCore\CoreAPB3\4.0.100\rtl\vlog\core_obfuscated\coreapb3_muxptob3.v|i|1391019505|6738
C:\Users\camsoupa\Documents\embedded_final_project\cc3000\cc3000fpga\component\Actel\DirectCore\CoreAPB3\4.0.100\rtl\vlog\core_obfuscated\coreapb3_iaddr_reg.v|i|1391019505|3312
C:\Users\camsoupa\Documents\embedded_final_project\cc3000\cc3000fpga\component\Actel\DirectCore\CoreAPB3\4.0.100\rtl\vlog\core_obfuscated\coreapb3.v|i|1391019505|32421
C:\Users\camsoupa\Documents\embedded_final_project\cc3000\cc3000fpga\component\Actel\DirectCore\CORESPI\4.2.116\rtl\vlog\core\spi_rf.v|i|1396987820|11599
C:\Users\camsoupa\Documents\embedded_final_project\cc3000\cc3000fpga\component\Actel\DirectCore\CORESPI\4.2.116\rtl\vlog\core\spi_control.v|i|1396987820|6543
C:\Users\camsoupa\Documents\embedded_final_project\cc3000\cc3000fpga\component\Actel\DirectCore\CORESPI\4.2.116\rtl\vlog\core\spi_fifo.v|i|1396987820|6941
C:\Users\camsoupa\Documents\embedded_final_project\cc3000\cc3000fpga\component\Actel\DirectCore\CORESPI\4.2.116\rtl\vlog\core\spi_clockmux.v|i|1396987820|368
C:\Users\camsoupa\Documents\embedded_final_project\cc3000\cc3000fpga\component\Actel\DirectCore\CORESPI\4.2.116\rtl\vlog\core\spi_chanctrl.v|i|1396987820|40585
C:\Users\camsoupa\Documents\embedded_final_project\cc3000\cc3000fpga\component\Actel\DirectCore\CORESPI\4.2.116\rtl\vlog\core\spi.v|i|1396987820|16132
C:\Users\camsoupa\Documents\embedded_final_project\cc3000\cc3000fpga\component\Actel\DirectCore\CORESPI\4.2.116\rtl\vlog\core\corespi.v|i|1396987820|3725
C:\Users\camsoupa\Documents\embedded_final_project\cc3000\cc3000fpga\component\work\cc3000fpga\cc3000fpga.v|i|1396987820|16901
C:\Users\camsoupa\Documents\embedded_final_project\cc3000\cc3000fpga\synthesis\cc3000fpga.srr|o|1396987881|32999
C:\Microsemi\Libero_v10.1\Synopsys\synplify_F201203MSP1\bin64\c_ver.exe|i|1340041106|5529088
C:\Microsemi\Libero_v10.1\Synopsys\synplify_F201203MSP1\bin\c_ver.exe|i|1340041094|2039808
