FlashPro
Version: 10.1.3.1
Release: v10.1 SP3

Software Version: 10.1.3.1
PDB file
'C:\Users\mapalmer\Documents\Project\cc3000\cc3000fpga\designer\impl1\cc3000fpga_fp\cc3000fpga.\
pdb' has been loaded successfully.
DESIGN : cc3000fpga;  CHECKSUM : 9E94;  PDB_VERSION : 1.7
Driver : 3.0.0 build 1
programmer '61369' : FlashPro3
Opened
'C:/Users/mapalmer/Documents/Project/cc3000/cc3000fpga/designer/impl1/cc3000fpga_fp/cc3000fpga.\
pro'
The 'open_project' command succeeded.
The 'set_programming_file' command succeeded.
The 'set_device_type' command succeeded.
The 'set_device_package' command succeeded.
Info: Adding Flash Memory data from file
      C:\Users\mapalmer\Documents\Project\cc3000\cc3000fpga\component\work\cc3000fpga_MSS\MSS_E\
      NVM_0\MSS_ENVM_0.efc.
Info: Adding FPGA Array data from file
      C:\Users\mapalmer\Documents\Project\cc3000\cc3000fpga\designer\impl1\cc3000fpga.fdb.
PDB file
'C:\Users\mapalmer\Documents\Project\cc3000\cc3000fpga\designer\impl1\cc3000fpga_fp\cc3000fpga.\
pdb' has been loaded successfully.
DESIGN : cc3000fpga;  CHECKSUM : 9E94;  PDB_VERSION : 1.7
The 'update_programming_file' command succeeded.
The 'set_programming_action' command succeeded.
programmer '61369' : Scan Chain...
Warning: programmer '61369' : Vpump has been selected on programmer AND an externally provided
         Vpump has also been detected. Using externally provided Vpump voltage source.
programmer '61369' : Scan Chain PASSED.
programmer '61369' : Executing action PROGRAM
programmer '61369' : EXPORT FSN[48] = 01098a04304c
programmer '61369' : Erase ...
programmer '61369' : Completed erase
programmer '61369' : Programming FPGA Array
programmer '61369' : Verifying FPGA Array
programmer '61369' :         Verifying FPGA Array -- pass
programmer '61369' : Program System Init and Boot Clients...
programmer '61369' : Verify System Init and Boot Clients...
programmer '61369' : Finished: Tue Apr 08 10:47:23 2014 (Elapsed time 00:00:37)
programmer '61369' : Executing action PROGRAM PASSED.

                        o - o - o - o - o - o

The 'run_selected_actions' command succeeded.
The 'save_project' command succeeded.
