Target Part: A2F200M3F_FBGA484_-1
Report for cell cc3000fpga.verilog
  Core Cell usage:
              cell count     area count*area
              AND2    11      1.0       11.0
               AO1    38      1.0       38.0
              AO1A     4      1.0        4.0
              AO1B     3      1.0        3.0
              AO1C     7      1.0        7.0
              AOI1     1      1.0        1.0
             AOI1B     4      1.0        4.0
              AX1D     5      1.0        5.0
              AX1E     1      1.0        1.0
             AXOI5     1      1.0        1.0
            CLKINT     1      0.0        0.0
               GND    13      0.0        0.0
               INV     5      1.0        5.0
              MAJ3     2      1.0        2.0
            MSSINT     6      0.0        0.0
           MSS_APB     1      0.0        0.0
           MSS_CCC     1      0.0        0.0
               MX2    45      1.0       45.0
              MX2A     1      1.0        1.0
              MX2B     1      1.0        1.0
              NOR2    19      1.0       19.0
             NOR2A    34      1.0       34.0
             NOR2B    60      1.0       60.0
              NOR3    12      1.0       12.0
             NOR3A    44      1.0       44.0
             NOR3B    35      1.0       35.0
             NOR3C    25      1.0       25.0
               OA1     8      1.0        8.0
              OA1A     1      1.0        1.0
              OA1B     2      1.0        2.0
              OA1C     4      1.0        4.0
              OAI1     1      1.0        1.0
               OR2    26      1.0       26.0
              OR2A     8      1.0        8.0
              OR2B     7      1.0        7.0
               OR3    22      1.0       22.0
              OR3A     5      1.0        5.0
              OR3B     1      1.0        1.0
              OR3C     2      1.0        2.0
             RCOSC     1      0.0        0.0
               VCC    13      0.0        0.0
               XA1     2      1.0        2.0
              XA1A     3      1.0        3.0
              XA1B     5      1.0        5.0
              XA1C     2      1.0        2.0
             XNOR2     1      1.0        1.0
               XO1     1      1.0        1.0
              XO1A     6      1.0        6.0
              XOR2    34      1.0       34.0
              XOR3     2      1.0        2.0


            DFN1C0    80      1.0       80.0
          DFN1E0C0     8      1.0        8.0
            DFN1E1    40      1.0       40.0
          DFN1E1C0    33      1.0       33.0
          DFN1E1P0     3      1.0        3.0
            DFN1P0    22      1.0       22.0
                   -----          ----------
             TOTAL   723               687.0


  IO Cell usage:
              cell count
             INBUF     1
         INBUF_MSS     4
            OUTBUF     6
        OUTBUF_MSS     3
                   -----
             TOTAL    14


Core Cells         : 687 of 4608 (15%)
IO Cells           : 14

  RAM/ROM Usage Summary
Block Rams : 0 of 8 (0%)

